<?xml version="1.0" encoding="UTF-8"?>
<!-- Generated by org.testng.reporters.JUnitReportReporter -->
<testsuite hostname="HamzehAbuAmer" failures="0" tests="11" name="almosaferProject.myTestCases" time="24.730" errors="0" timestamp="2024-07-02T04:44:28 EET" skipped="0">
  <testcase classname="almosaferProject.myTestCases" name="CheckThelanguage" time="3.650"/>
  <system-out/>
  <testcase classname="almosaferProject.myTestCases" name="CheckTheCurrency" time="0.066"/>
  <system-out/>
  <testcase classname="almosaferProject.myTestCases" name="CheckTheContactNubmer" time="0.039"/>
  <system-out/>
  <testcase classname="almosaferProject.myTestCases" name="CheckQetafLogeIsDesplyed" time="0.071"/>
  <system-out/>
  <testcase classname="almosaferProject.myTestCases" name="checkHotelsTabIsNotSelected" time="0.065"/>
  <system-out/>
  <testcase classname="almosaferProject.myTestCases" name="CheckDepatureAndReturnDate" time="0.087"/>
  <system-out/>
  <testcase classname="almosaferProject.myTestCases" name="ChangeTheLanguageOfTheWebSiteRandomly" time="2.146"/>
  <system-out/>
  <testcase classname="almosaferProject.myTestCases" name="searchForHotelsRandomly" time="1.255"/>
  <system-out/>
  <testcase classname="almosaferProject.myTestCases" name="SelectNumberOfPeople" time="7.100"/>
  <system-out/>
  <testcase classname="almosaferProject.myTestCases" name="checkPageFullyLoaded" time="9.382"/>
  <system-out/>
  <testcase classname="almosaferProject.myTestCases" name="sortItems" time="0.869"/>
  <system-out/>
</testsuite> <!-- almosaferProject.myTestCases -->
