<?xml version="1.0" encoding="UTF-8"?>
<!-- Generated by org.testng.reporters.JUnitReportReporter -->
<testsuite hostname="HamzehAbuAmer" failures="0" tests="9" name="almosaferProject.myTestCases" time="8.454" errors="0" timestamp="2024-06-24T04:32:04 EET" skipped="6">
  <testcase classname="almosaferProject.myTestCases" name="ChangeTheLanguageOfTheWebSiteRandomly" time="1.384"/>
  <system-out/>
  <testcase classname="almosaferProject.myTestCases" name="searchForHotelsRandomly" time="0.369"/>
  <system-out/>
  <testcase classname="almosaferProject.myTestCases" name="SelectNumberOfPeople" time="6.701"/>
  <system-out/>
  <testcase classname="almosaferProject.myTestCases" name="CheckTheCurrency">
    <skipped/>
  </testcase> <!-- CheckTheCurrency -->
  <system-out/>
  <testcase classname="almosaferProject.myTestCases" name="CheckQetafLogeIsDesplyed">
    <skipped/>
  </testcase> <!-- CheckQetafLogeIsDesplyed -->
  <system-out/>
  <testcase classname="almosaferProject.myTestCases" name="CheckThelanguage">
    <skipped/>
  </testcase> <!-- CheckThelanguage -->
  <system-out/>
  <testcase classname="almosaferProject.myTestCases" name="checkHotelsTabIsNotSelected">
    <skipped/>
  </testcase> <!-- checkHotelsTabIsNotSelected -->
  <system-out/>
  <testcase classname="almosaferProject.myTestCases" name="CheckTheContactNubmer">
    <skipped/>
  </testcase> <!-- CheckTheContactNubmer -->
  <system-out/>
  <testcase classname="almosaferProject.myTestCases" name="CheckDepatureAndReturnDate">
    <skipped/>
  </testcase> <!-- CheckDepatureAndReturnDate -->
  <system-out/>
</testsuite> <!-- almosaferProject.myTestCases -->
